# JRE version: Java(TM) SE Runtime Environment (22.0.2+9) (build 22.0.2+9-70)
# Java VM: Java HotSpot(TM) 64-Bit Server VM (22.0.2+9-70, mixed mode, sharing, tiered, compressed oops, compressed class ptrs, g1 gc, windows-amd64)
GC Precious Log:
 CardTable entry size: 512
 Card Set container configuration: InlinePtr #cards 4 size 8 Array Of Cards #cards 16 size 48 Howl #buckets 8 coarsen threshold 3686 Howl Bitmap #cards 512 size 80 coarsen threshold 460 Card regions per heap region 1 cards per card region 4096
 CPUs: 16 total, 16 available
 Memory: 14228M
 Large Page Support: Disabled
 NUMA Support: Disabled
 Compressed Oops: Enabled (Zero based)
 Heap Region Size: 2M
 Heap Min Capacity: 8M
 Heap Initial Capacity: 224M
 Heap Max Capacity: 3558M
 Pre-touch: Disabled
 Parallel Workers: 13
 Concurrent Workers: 3
 Concurrent Refinement Workers: 13
 Periodic GC: Disabled
Heap:
 garbage-first heap   total reserved 3643392K, committed 65536K, used 48004K [0x0000000721a00000, 0x0000000800000000)
  region size 2048K, 17 young (34816K), 2 survivors (4096K)
 Metaspace       used 46790K, committed 47360K, reserved 1114112K
  class space    used 6060K, committed 6336K, reserved 1048576K
GC Heap History (12 events):
Event: 1.140 GC heap before
{Heap before GC invocations=0 (full 0):
 garbage-first heap   total reserved 3643392K, committed 229376K, used 22528K [0x0000000721a00000, 0x0000000800000000)
  region size 2048K, 12 young (24576K), 0 survivors (0K)
 Metaspace       used 5133K, committed 5376K, reserved 1114112K
  class space    used 578K, committed 704K, reserved 1048576K
}
Event: 1.143 GC heap after
{Heap after GC invocations=1 (full 0):
 garbage-first heap   total reserved 3643392K, committed 229376K, used 6733K [0x0000000721a00000, 0x0000000800000000)
  region size 2048K, 2 young (4096K), 2 survivors (4096K)
 Metaspace       used 5133K, committed 5376K, reserved 1114112K
  class space    used 578K, committed 704K, reserved 1048576K
}
Event: 1.610 GC heap before
{Heap before GC invocations=1 (full 0):
 garbage-first heap   total reserved 3643392K, committed 229376K, used 37453K [0x0000000721a00000, 0x0000000800000000)
  region size 2048K, 18 young (36864K), 2 survivors (4096K)
 Metaspace       used 15248K, committed 15488K, reserved 1114112K
  class space    used 1795K, committed 1920K, reserved 1048576K
}
Event: 1.614 GC heap after
{Heap after GC invocations=2 (full 0):
 garbage-first heap   total reserved 3643392K, committed 229376K, used 9870K [0x0000000721a00000, 0x0000000800000000)
  region size 2048K, 2 young (4096K), 2 survivors (4096K)
 Metaspace       used 15248K, committed 15488K, reserved 1114112K
  class space    used 1795K, committed 1920K, reserved 1048576K
}
Event: 2.205 GC heap before
{Heap before GC invocations=2 (full 0):
 garbage-first heap   total reserved 3643392K, committed 229376K, used 50830K [0x0000000721a00000, 0x0000000800000000)
  region size 2048K, 23 young (47104K), 2 survivors (4096K)
 Metaspace       used 21221K, committed 21504K, reserved 1114112K
  class space    used 2561K, committed 2688K, reserved 1048576K
}
Event: 2.211 GC heap after
{Heap after GC invocations=3 (full 0):
 garbage-first heap   total reserved 3643392K, committed 229376K, used 13634K [0x0000000721a00000, 0x0000000800000000)
  region size 2048K, 4 young (8192K), 4 survivors (8192K)
 Metaspace       used 21221K, committed 21504K, reserved 1114112K
  class space    used 2561K, committed 2688K, reserved 1048576K
}
Event: 2.821 GC heap before
{Heap before GC invocations=4 (full 0):
 garbage-first heap   total reserved 3643392K, committed 55296K, used 52546K [0x0000000721a00000, 0x0000000800000000)
  region size 2048K, 23 young (47104K), 4 survivors (8192K)
 Metaspace       used 26639K, committed 27072K, reserved 1114112K
  class space    used 3321K, committed 3520K, reserved 1048576K
}
Event: 2.827 GC heap after
{Heap after GC invocations=5 (full 0):
 garbage-first heap   total reserved 3643392K, committed 65536K, used 16858K [0x0000000721a00000, 0x0000000800000000)
  region size 2048K, 5 young (10240K), 5 survivors (10240K)
 Metaspace       used 26639K, committed 27072K, reserved 1114112K
  class space    used 3321K, committed 3520K, reserved 1048576K
}
Event: 3.247 GC heap before
{Heap before GC invocations=5 (full 0):
 garbage-first heap   total reserved 3643392K, committed 65536K, used 45530K [0x0000000721a00000, 0x0000000800000000)
  region size 2048K, 19 young (38912K), 5 survivors (10240K)
 Metaspace       used 30907K, committed 31488K, reserved 1114112K
  class space    used 3898K, committed 4160K, reserved 1048576K
}
Event: 3.252 GC heap after
{Heap after GC invocations=6 (full 0):
 garbage-first heap   total reserved 3643392K, committed 65536K, used 18737K [0x0000000721a00000, 0x0000000800000000)
  region size 2048K, 2 young (4096K), 2 survivors (4096K)
 Metaspace       used 30907K, committed 31488K, reserved 1114112K
  class space    used 3898K, committed 4160K, reserved 1048576K
}
Event: 4.208 GC heap before
{Heap before GC invocations=6 (full 0):
 garbage-first heap   total reserved 3643392K, committed 65536K, used 35121K [0x0000000721a00000, 0x0000000800000000)
  region size 2048K, 11 young (22528K), 2 survivors (4096K)
 Metaspace       used 35556K, committed 36096K, reserved 1114112K
  class space    used 4578K, committed 4800K, reserved 1048576K
}
Event: 4.210 GC heap after
{Heap after GC invocations=7 (full 0):
 garbage-first heap   total reserved 3643392K, committed 65536K, used 19332K [0x0000000721a00000, 0x0000000800000000)
  region size 2048K, 2 young (4096K), 2 survivors (4096K)
 Metaspace       used 35556K, committed 36096K, reserved 1114112K
  class space    used 4578K, committed 4800K, reserved 1048576K
}

